<?xml version="1.0" encoding="UTF-8"?>
<testng-results ignored="0" total="1" passed="1" failed="0" skipped="0">
  <reporter-output>
  </reporter-output>
  <suite started-at="2023-09-06T16:07:14 IST" name="Default suite" finished-at="2023-09-06T16:07:15 IST" duration-ms="697">
    <groups>
      <group name="cucumber">
        <method signature="AbstractTestNGCucumberTests.runScenario(io.cucumber.testng.PickleWrapper,io.cucumber.testng.FeatureWrapper)[pri:0, instance:testRunnerPKG.Runner@770d3326]" name="runScenario" class="io.cucumber.testng.AbstractTestNGCucumberTests"/>
      </group> <!-- cucumber -->
    </groups>
    <test started-at="2023-09-06T16:07:14 IST" name="Default test" finished-at="2023-09-06T16:07:15 IST" duration-ms="697">
      <class name="testRunnerPKG.Runner">
        <test-method is-config="true" signature="setUpClass(org.testng.ITestContext)[pri:0, instance:testRunnerPKG.Runner@770d3326]" started-at="2023-09-06T16:07:14 IST" name="setUpClass" finished-at="2023-09-06T16:07:15 IST" duration-ms="512" status="PASS">
          <params>
            <param index="0">
              <value>
                <![CDATA[org.testng.TestRunner@77e2a6e2]]>
              </value>
            </param>
          </params>
          <reporter-output>
          </reporter-output>
        </test-method> <!-- setUpClass -->
        <test-method signature="runScenario(io.cucumber.testng.PickleWrapper,io.cucumber.testng.FeatureWrapper)[pri:0, instance:testRunnerPKG.Runner@770d3326]" started-at="2023-09-06T16:07:15 IST" name="runScenario" description="Runs Cucumber Scenarios" data-provider="scenarios" finished-at="2023-09-06T16:07:15 IST" duration-ms="96" status="PASS">
          <params>
            <param index="0">
              <value>
                <![CDATA["free CRm create deal test"]]>
              </value>
            </param>
            <param index="1">
              <value>
                <![CDATA["Free CRM app test"]]>
              </value>
            </param>
          </params>
          <reporter-output>
          </reporter-output>
        </test-method> <!-- runScenario -->
        <test-method is-config="true" signature="tearDownClass()[pri:0, instance:testRunnerPKG.Runner@770d3326]" started-at="2023-09-06T16:07:15 IST" name="tearDownClass" finished-at="2023-09-06T16:07:15 IST" duration-ms="37" status="PASS">
          <reporter-output>
          </reporter-output>
        </test-method> <!-- tearDownClass -->
      </class> <!-- testRunnerPKG.Runner -->
    </test> <!-- Default test -->
  </suite> <!-- Default suite -->
</testng-results>
